2015-05-02 01:27:23.119 EmpowerLabsIntra[15338:800182] DiskCookieStorage changing policy from 2 to 0, cookie file: file:///Users/alexrojas/Library/Developer/CoreSimulator/Devices/800DD683-83D7-435E-8600-8022C79E62AD/data/Containers/Data/Application/FA9BBE6C-296A-4C94-8844-478FE1FC8CFC/Library/Cookies/Cookies.binarycookies
2015-05-02 01:27:24.877 EmpowerLabsIntra[15338:800182] Apache Cordova native platform version 3.8.0 is starting.
2015-05-02 01:27:24.878 EmpowerLabsIntra[15338:800182] Multi-tasking -> Device: YES, App: YES
2015-05-02 01:27:24.969 EmpowerLabsIntra[15338:800182] Unlimited access to network resources
2015-05-02 01:27:25.020 EmpowerLabsIntra[15338:800182] 

Started backup to iCloud! Please be careful.
Your application might be rejected by Apple if you store too much data.
For more information please read "iOS Data Storage Guidelines" at:
https://developer.apple.com/icloud/documentation/data-storage/
To disable web storage backup to iCloud, set the BackupWebStorage preference to "local" in the Cordova config.xml file

2015-05-02 01:27:30.294 EmpowerLabsIntra[15338:800182] Resetting plugins due to page load.
2015-05-02 01:27:31.465 EmpowerLabsIntra[15338:800182] Finished load of: file:///Users/alexrojas/Library/Developer/CoreSimulator/Devices/800DD683-83D7-435E-8600-8022C79E62AD/data/Containers/Bundle/Application/F41A009F-9E32-4FE6-ACE0-6EBC3CF8DB43/EmpowerLabsIntra.app/www/index.html
2015-05-02 01:30:55.485 EmpowerLabsIntra[15595:801612] DiskCookieStorage changing policy from 2 to 0, cookie file: file:///Users/alexrojas/Library/Developer/CoreSimulator/Devices/800DD683-83D7-435E-8600-8022C79E62AD/data/Containers/Data/Application/ABA139EC-4FE9-44EF-8303-42784FA9B3BF/Library/Cookies/Cookies.binarycookies
2015-05-02 01:30:55.656 EmpowerLabsIntra[15595:801612] Apache Cordova native platform version 3.8.0 is starting.
2015-05-02 01:30:55.656 EmpowerLabsIntra[15595:801612] Multi-tasking -> Device: YES, App: YES
2015-05-02 01:30:55.669 EmpowerLabsIntra[15595:801612] Unlimited access to network resources
2015-05-02 01:30:55.686 EmpowerLabsIntra[15595:801612] 

Started backup to iCloud! Please be careful.
Your application might be rejected by Apple if you store too much data.
For more information please read "iOS Data Storage Guidelines" at:
https://developer.apple.com/icloud/documentation/data-storage/
To disable web storage backup to iCloud, set the BackupWebStorage preference to "local" in the Cordova config.xml file

2015-05-02 01:30:56.202 EmpowerLabsIntra[15595:801612] Resetting plugins due to page load.
2015-05-02 01:30:56.772 EmpowerLabsIntra[15595:801612] Finished load of: file:///Users/alexrojas/Library/Developer/CoreSimulator/Devices/800DD683-83D7-435E-8600-8022C79E62AD/data/Containers/Bundle/Application/2A4B6107-B178-434C-B710-A58D2BBD5684/EmpowerLabsIntra.app/www/index.html
2015-05-02 01:32:41.945 EmpowerLabsIntra[15841:802658] DiskCookieStorage changing policy from 2 to 0, cookie file: file:///Users/alexrojas/Library/Developer/CoreSimulator/Devices/800DD683-83D7-435E-8600-8022C79E62AD/data/Containers/Data/Application/7439F6DD-BE37-4A89-8304-2C16D6B665E6/Library/Cookies/Cookies.binarycookies
2015-05-02 01:32:42.039 EmpowerLabsIntra[15841:802658] Apache Cordova native platform version 3.8.0 is starting.
2015-05-02 01:32:42.040 EmpowerLabsIntra[15841:802658] Multi-tasking -> Device: YES, App: YES
2015-05-02 01:32:42.044 EmpowerLabsIntra[15841:802658] Unlimited access to network resources
2015-05-02 01:32:42.048 EmpowerLabsIntra[15841:802658] 

Started backup to iCloud! Please be careful.
Your application might be rejected by Apple if you store too much data.
For more information please read "iOS Data Storage Guidelines" at:
https://developer.apple.com/icloud/documentation/data-storage/
To disable web storage backup to iCloud, set the BackupWebStorage preference to "local" in the Cordova config.xml file

2015-05-02 01:32:42.329 EmpowerLabsIntra[15841:802658] Resetting plugins due to page load.
2015-05-02 01:32:42.758 EmpowerLabsIntra[15841:802658] Finished load of: file:///Users/alexrojas/Library/Developer/CoreSimulator/Devices/800DD683-83D7-435E-8600-8022C79E62AD/data/Containers/Bundle/Application/2DF83A2C-7BE8-4F34-BC62-E396F90266D4/EmpowerLabsIntra.app/www/index.html
2015-05-02 01:34:13.107 EmpowerLabsIntra[15977:803298] DiskCookieStorage changing policy from 2 to 0, cookie file: file:///Users/alexrojas/Library/Developer/CoreSimulator/Devices/800DD683-83D7-435E-8600-8022C79E62AD/data/Containers/Data/Application/673DB800-6CB9-411A-A5D1-10E4049511B8/Library/Cookies/Cookies.binarycookies
2015-05-02 01:34:13.242 EmpowerLabsIntra[15977:803298] Apache Cordova native platform version 3.8.0 is starting.
2015-05-02 01:34:13.243 EmpowerLabsIntra[15977:803298] Multi-tasking -> Device: YES, App: YES
2015-05-02 01:34:13.263 EmpowerLabsIntra[15977:803298] Unlimited access to network resources
2015-05-02 01:34:13.267 EmpowerLabsIntra[15977:803298] 

Started backup to iCloud! Please be careful.
Your application might be rejected by Apple if you store too much data.
For more information please read "iOS Data Storage Guidelines" at:
https://developer.apple.com/icloud/documentation/data-storage/
To disable web storage backup to iCloud, set the BackupWebStorage preference to "local" in the Cordova config.xml file

2015-05-02 01:34:13.479 EmpowerLabsIntra[15977:803298] Resetting plugins due to page load.
2015-05-02 01:34:13.793 EmpowerLabsIntra[15977:803298] Finished load of: file:///Users/alexrojas/Library/Developer/CoreSimulator/Devices/800DD683-83D7-435E-8600-8022C79E62AD/data/Containers/Bundle/Application/3BEB6603-9E92-44B5-A83C-FF6EB569AA50/EmpowerLabsIntra.app/www/index.html
2015-05-02 01:36:45.653 EmpowerLabsIntra[16117:804114] DiskCookieStorage changing policy from 2 to 0, cookie file: file:///Users/alexrojas/Library/Developer/CoreSimulator/Devices/800DD683-83D7-435E-8600-8022C79E62AD/data/Containers/Data/Application/4F3AD7FE-20E4-4392-98E2-C01242273447/Library/Cookies/Cookies.binarycookies
2015-05-02 01:36:45.763 EmpowerLabsIntra[16117:804114] Apache Cordova native platform version 3.8.0 is starting.
2015-05-02 01:36:45.764 EmpowerLabsIntra[16117:804114] Multi-tasking -> Device: YES, App: YES
2015-05-02 01:36:45.772 EmpowerLabsIntra[16117:804114] Unlimited access to network resources
2015-05-02 01:36:45.776 EmpowerLabsIntra[16117:804114] 

Started backup to iCloud! Please be careful.
Your application might be rejected by Apple if you store too much data.
For more information please read "iOS Data Storage Guidelines" at:
https://developer.apple.com/icloud/documentation/data-storage/
To disable web storage backup to iCloud, set the BackupWebStorage preference to "local" in the Cordova config.xml file

2015-05-02 01:36:45.959 EmpowerLabsIntra[16117:804114] Resetting plugins due to page load.
2015-05-02 01:36:46.294 EmpowerLabsIntra[16117:804114] Finished load of: file:///Users/alexrojas/Library/Developer/CoreSimulator/Devices/800DD683-83D7-435E-8600-8022C79E62AD/data/Containers/Bundle/Application/56F869C9-D889-4D7A-A1C8-D61178277ABD/EmpowerLabsIntra.app/www/index.html
2015-05-02 01:38:26.112 EmpowerLabsIntra[16251:804806] DiskCookieStorage changing policy from 2 to 0, cookie file: file:///Users/alexrojas/Library/Developer/CoreSimulator/Devices/800DD683-83D7-435E-8600-8022C79E62AD/data/Containers/Data/Application/DE2F4366-2AC2-4DC8-9D5A-A74569FD4FF6/Library/Cookies/Cookies.binarycookies
2015-05-02 01:38:26.196 EmpowerLabsIntra[16251:804806] Apache Cordova native platform version 3.8.0 is starting.
2015-05-02 01:38:26.197 EmpowerLabsIntra[16251:804806] Multi-tasking -> Device: YES, App: YES
2015-05-02 01:38:26.207 EmpowerLabsIntra[16251:804806] Unlimited access to network resources
2015-05-02 01:38:26.211 EmpowerLabsIntra[16251:804806] 

Started backup to iCloud! Please be careful.
Your application might be rejected by Apple if you store too much data.
For more information please read "iOS Data Storage Guidelines" at:
https://developer.apple.com/icloud/documentation/data-storage/
To disable web storage backup to iCloud, set the BackupWebStorage preference to "local" in the Cordova config.xml file

2015-05-02 01:38:26.427 EmpowerLabsIntra[16251:804806] Resetting plugins due to page load.
2015-05-02 01:38:27.139 EmpowerLabsIntra[16251:804806] Finished load of: file:///Users/alexrojas/Library/Developer/CoreSimulator/Devices/800DD683-83D7-435E-8600-8022C79E62AD/data/Containers/Bundle/Application/3E68824F-ACA0-4B44-96CB-6099E3F6F707/EmpowerLabsIntra.app/www/index.html
2015-05-02 01:41:55.316 EmpowerLabsIntra[16392:805769] DiskCookieStorage changing policy from 2 to 0, cookie file: file:///Users/alexrojas/Library/Developer/CoreSimulator/Devices/800DD683-83D7-435E-8600-8022C79E62AD/data/Containers/Data/Application/922EA13C-21AD-4146-8F0F-4301B0C1374E/Library/Cookies/Cookies.binarycookies
2015-05-02 01:41:55.479 EmpowerLabsIntra[16392:805769] Apache Cordova native platform version 3.8.0 is starting.
2015-05-02 01:41:55.480 EmpowerLabsIntra[16392:805769] Multi-tasking -> Device: YES, App: YES
2015-05-02 01:41:55.554 EmpowerLabsIntra[16392:805769] Unlimited access to network resources
2015-05-02 01:41:55.558 EmpowerLabsIntra[16392:805769] 

Started backup to iCloud! Please be careful.
Your application might be rejected by Apple if you store too much data.
For more information please read "iOS Data Storage Guidelines" at:
https://developer.apple.com/icloud/documentation/data-storage/
To disable web storage backup to iCloud, set the BackupWebStorage preference to "local" in the Cordova config.xml file

2015-05-02 01:41:55.736 EmpowerLabsIntra[16392:805769] Resetting plugins due to page load.
2015-05-02 01:41:56.091 EmpowerLabsIntra[16392:805769] Finished load of: file:///Users/alexrojas/Library/Developer/CoreSimulator/Devices/800DD683-83D7-435E-8600-8022C79E62AD/data/Containers/Bundle/Application/FE8EA322-DB6F-4E94-A7D1-B0663BB97B3D/EmpowerLabsIntra.app/www/index.html
2015-05-02 01:44:28.734 EmpowerLabsIntra[16543:806581] DiskCookieStorage changing policy from 2 to 0, cookie file: file:///Users/alexrojas/Library/Developer/CoreSimulator/Devices/800DD683-83D7-435E-8600-8022C79E62AD/data/Containers/Data/Application/B28CE4D6-F3E9-4EC6-87C7-E009F5121418/Library/Cookies/Cookies.binarycookies
2015-05-02 01:44:28.827 EmpowerLabsIntra[16543:806581] Apache Cordova native platform version 3.8.0 is starting.
2015-05-02 01:44:28.828 EmpowerLabsIntra[16543:806581] Multi-tasking -> Device: YES, App: YES
2015-05-02 01:44:28.844 EmpowerLabsIntra[16543:806581] Unlimited access to network resources
2015-05-02 01:44:28.849 EmpowerLabsIntra[16543:806581] 

Started backup to iCloud! Please be careful.
Your application might be rejected by Apple if you store too much data.
For more information please read "iOS Data Storage Guidelines" at:
https://developer.apple.com/icloud/documentation/data-storage/
To disable web storage backup to iCloud, set the BackupWebStorage preference to "local" in the Cordova config.xml file

2015-05-02 01:44:29.056 EmpowerLabsIntra[16543:806581] Resetting plugins due to page load.
2015-05-02 01:44:29.470 EmpowerLabsIntra[16543:806581] Finished load of: file:///Users/alexrojas/Library/Developer/CoreSimulator/Devices/800DD683-83D7-435E-8600-8022C79E62AD/data/Containers/Bundle/Application/EF1D191B-3669-49FA-A5EE-0AC2B306B617/EmpowerLabsIntra.app/www/index.html
2015-05-02 01:51:13.109 EmpowerLabsIntra[16709:808353] DiskCookieStorage changing policy from 2 to 0, cookie file: file:///Users/alexrojas/Library/Developer/CoreSimulator/Devices/800DD683-83D7-435E-8600-8022C79E62AD/data/Containers/Data/Application/899B9CB7-2294-430C-A1B8-4194611686F5/Library/Cookies/Cookies.binarycookies
2015-05-02 01:51:13.366 EmpowerLabsIntra[16709:808353] Apache Cordova native platform version 3.8.0 is starting.
2015-05-02 01:51:13.366 EmpowerLabsIntra[16709:808353] Multi-tasking -> Device: YES, App: YES
2015-05-02 01:51:13.391 EmpowerLabsIntra[16709:808353] Unlimited access to network resources
2015-05-02 01:51:13.409 EmpowerLabsIntra[16709:808353] 

Started backup to iCloud! Please be careful.
Your application might be rejected by Apple if you store too much data.
For more information please read "iOS Data Storage Guidelines" at:
https://developer.apple.com/icloud/documentation/data-storage/
To disable web storage backup to iCloud, set the BackupWebStorage preference to "local" in the Cordova config.xml file

2015-05-02 01:51:13.950 EmpowerLabsIntra[16709:808353] Resetting plugins due to page load.
2015-05-02 01:51:14.580 EmpowerLabsIntra[16709:808353] Finished load of: file:///Users/alexrojas/Library/Developer/CoreSimulator/Devices/800DD683-83D7-435E-8600-8022C79E62AD/data/Containers/Bundle/Application/8EF41003-FB9E-436B-AA44-825031611263/EmpowerLabsIntra.app/www/index.html
2015-05-02 01:52:33.854 EmpowerLabsIntra[16847:808997] DiskCookieStorage changing policy from 2 to 0, cookie file: file:///Users/alexrojas/Library/Developer/CoreSimulator/Devices/800DD683-83D7-435E-8600-8022C79E62AD/data/Containers/Data/Application/59576A07-238F-4696-975E-3600D7E95C4C/Library/Cookies/Cookies.binarycookies
2015-05-02 01:52:33.942 EmpowerLabsIntra[16847:808997] Apache Cordova native platform version 3.8.0 is starting.
2015-05-02 01:52:33.943 EmpowerLabsIntra[16847:808997] Multi-tasking -> Device: YES, App: YES
2015-05-02 01:52:33.954 EmpowerLabsIntra[16847:808997] Unlimited access to network resources
2015-05-02 01:52:33.958 EmpowerLabsIntra[16847:808997] 

Started backup to iCloud! Please be careful.
Your application might be rejected by Apple if you store too much data.
For more information please read "iOS Data Storage Guidelines" at:
https://developer.apple.com/icloud/documentation/data-storage/
To disable web storage backup to iCloud, set the BackupWebStorage preference to "local" in the Cordova config.xml file

2015-05-02 01:52:34.191 EmpowerLabsIntra[16847:808997] Resetting plugins due to page load.
2015-05-02 01:52:34.525 EmpowerLabsIntra[16847:808997] Finished load of: file:///Users/alexrojas/Library/Developer/CoreSimulator/Devices/800DD683-83D7-435E-8600-8022C79E62AD/data/Containers/Bundle/Application/4324794D-DC52-40E4-BFAC-8E6856D21ACD/EmpowerLabsIntra.app/www/index.html
2015-05-02 01:53:28.347 EmpowerLabsIntra[16978:809537] DiskCookieStorage changing policy from 2 to 0, cookie file: file:///Users/alexrojas/Library/Developer/CoreSimulator/Devices/800DD683-83D7-435E-8600-8022C79E62AD/data/Containers/Data/Application/2FB264F6-2956-4D2E-89E8-D16AE1DEBF5A/Library/Cookies/Cookies.binarycookies
2015-05-02 01:53:28.540 EmpowerLabsIntra[16978:809537] Apache Cordova native platform version 3.8.0 is starting.
2015-05-02 01:53:28.541 EmpowerLabsIntra[16978:809537] Multi-tasking -> Device: YES, App: YES
2015-05-02 01:53:28.563 EmpowerLabsIntra[16978:809537] Unlimited access to network resources
2015-05-02 01:53:28.567 EmpowerLabsIntra[16978:809537] 

Started backup to iCloud! Please be careful.
Your application might be rejected by Apple if you store too much data.
For more information please read "iOS Data Storage Guidelines" at:
https://developer.apple.com/icloud/documentation/data-storage/
To disable web storage backup to iCloud, set the BackupWebStorage preference to "local" in the Cordova config.xml file

2015-05-02 01:53:29.126 EmpowerLabsIntra[16978:809537] Resetting plugins due to page load.
2015-05-02 01:53:29.400 EmpowerLabsIntra[16978:809537] Finished load of: file:///Users/alexrojas/Library/Developer/CoreSimulator/Devices/800DD683-83D7-435E-8600-8022C79E62AD/data/Containers/Bundle/Application/2B65E1ED-2654-449E-9509-36738D828188/EmpowerLabsIntra.app/www/index.html
2015-05-02 01:53:54.860 EmpowerLabsIntra[17104:809946] DiskCookieStorage changing policy from 2 to 0, cookie file: file:///Users/alexrojas/Library/Developer/CoreSimulator/Devices/800DD683-83D7-435E-8600-8022C79E62AD/data/Containers/Data/Application/7DB89866-90EA-4191-8D25-60F2E5E3496C/Library/Cookies/Cookies.binarycookies
2015-05-02 01:53:55.012 EmpowerLabsIntra[17104:809946] Apache Cordova native platform version 3.8.0 is starting.
2015-05-02 01:53:55.013 EmpowerLabsIntra[17104:809946] Multi-tasking -> Device: YES, App: YES
2015-05-02 01:53:55.037 EmpowerLabsIntra[17104:809946] Unlimited access to network resources
2015-05-02 01:53:55.042 EmpowerLabsIntra[17104:809946] 

Started backup to iCloud! Please be careful.
Your application might be rejected by Apple if you store too much data.
For more information please read "iOS Data Storage Guidelines" at:
https://developer.apple.com/icloud/documentation/data-storage/
To disable web storage backup to iCloud, set the BackupWebStorage preference to "local" in the Cordova config.xml file

2015-05-02 01:53:55.400 EmpowerLabsIntra[17104:809946] Resetting plugins due to page load.
2015-05-02 01:53:55.738 EmpowerLabsIntra[17104:809946] Finished load of: file:///Users/alexrojas/Library/Developer/CoreSimulator/Devices/800DD683-83D7-435E-8600-8022C79E62AD/data/Containers/Bundle/Application/CFA6181D-E2AC-4154-AF17-F5A0C900D527/EmpowerLabsIntra.app/www/index.html
2015-05-02 01:57:00.546 EmpowerLabsIntra[17247:811064] DiskCookieStorage changing policy from 2 to 0, cookie file: file:///Users/alexrojas/Library/Developer/CoreSimulator/Devices/800DD683-83D7-435E-8600-8022C79E62AD/data/Containers/Data/Application/F905875B-4008-4351-B2C6-6B503A035337/Library/Cookies/Cookies.binarycookies
2015-05-02 01:57:00.820 EmpowerLabsIntra[17247:811064] Apache Cordova native platform version 3.8.0 is starting.
2015-05-02 01:57:00.821 EmpowerLabsIntra[17247:811064] Multi-tasking -> Device: YES, App: YES
2015-05-02 01:57:00.839 EmpowerLabsIntra[17247:811064] Unlimited access to network resources
2015-05-02 01:57:00.855 EmpowerLabsIntra[17247:811064] 

Started backup to iCloud! Please be careful.
Your application might be rejected by Apple if you store too much data.
For more information please read "iOS Data Storage Guidelines" at:
https://developer.apple.com/icloud/documentation/data-storage/
To disable web storage backup to iCloud, set the BackupWebStorage preference to "local" in the Cordova config.xml file

2015-05-02 01:57:01.398 EmpowerLabsIntra[17247:811064] Resetting plugins due to page load.
2015-05-02 01:57:01.943 EmpowerLabsIntra[17247:811064] Finished load of: file:///Users/alexrojas/Library/Developer/CoreSimulator/Devices/800DD683-83D7-435E-8600-8022C79E62AD/data/Containers/Bundle/Application/C3C5F436-EEA2-48DF-9C51-46BA752342FD/EmpowerLabsIntra.app/www/index.html
2015-05-02 01:58:22.199 EmpowerLabsIntra[17383:811852] DiskCookieStorage changing policy from 2 to 0, cookie file: file:///Users/alexrojas/Library/Developer/CoreSimulator/Devices/800DD683-83D7-435E-8600-8022C79E62AD/data/Containers/Data/Application/9905D157-3B7A-4AF5-8D18-2EBF03AF2E6B/Library/Cookies/Cookies.binarycookies
2015-05-02 01:58:22.411 EmpowerLabsIntra[17383:811852] Apache Cordova native platform version 3.8.0 is starting.
2015-05-02 01:58:22.412 EmpowerLabsIntra[17383:811852] Multi-tasking -> Device: YES, App: YES
2015-05-02 01:58:22.430 EmpowerLabsIntra[17383:811852] Unlimited access to network resources
2015-05-02 01:58:22.447 EmpowerLabsIntra[17383:811852] 

Started backup to iCloud! Please be careful.
Your application might be rejected by Apple if you store too much data.
For more information please read "iOS Data Storage Guidelines" at:
https://developer.apple.com/icloud/documentation/data-storage/
To disable web storage backup to iCloud, set the BackupWebStorage preference to "local" in the Cordova config.xml file

2015-05-02 01:58:22.964 EmpowerLabsIntra[17383:811852] Resetting plugins due to page load.
2015-05-02 01:58:23.312 EmpowerLabsIntra[17383:811852] Finished load of: file:///Users/alexrojas/Library/Developer/CoreSimulator/Devices/800DD683-83D7-435E-8600-8022C79E62AD/data/Containers/Bundle/Application/3DC71FBC-56F8-4401-9AA5-E3010D9DB4A7/EmpowerLabsIntra.app/www/index.html
2015-05-02 02:00:44.210 EmpowerLabsIntra[17513:812588] DiskCookieStorage changing policy from 2 to 0, cookie file: file:///Users/alexrojas/Library/Developer/CoreSimulator/Devices/800DD683-83D7-435E-8600-8022C79E62AD/data/Containers/Data/Application/563C0EA1-0D14-4A22-BBBC-F7FF5EB2DBC9/Library/Cookies/Cookies.binarycookies
2015-05-02 02:00:44.301 EmpowerLabsIntra[17513:812588] Apache Cordova native platform version 3.8.0 is starting.
2015-05-02 02:00:44.302 EmpowerLabsIntra[17513:812588] Multi-tasking -> Device: YES, App: YES
2015-05-02 02:00:44.379 EmpowerLabsIntra[17513:812588] Unlimited access to network resources
2015-05-02 02:00:44.384 EmpowerLabsIntra[17513:812588] 

Started backup to iCloud! Please be careful.
Your application might be rejected by Apple if you store too much data.
For more information please read "iOS Data Storage Guidelines" at:
https://developer.apple.com/icloud/documentation/data-storage/
To disable web storage backup to iCloud, set the BackupWebStorage preference to "local" in the Cordova config.xml file

2015-05-02 02:00:44.594 EmpowerLabsIntra[17513:812588] Resetting plugins due to page load.
2015-05-02 02:00:44.974 EmpowerLabsIntra[17513:812588] Finished load of: file:///Users/alexrojas/Library/Developer/CoreSimulator/Devices/800DD683-83D7-435E-8600-8022C79E62AD/data/Containers/Bundle/Application/E2F46F77-2345-40F4-A838-B7D49874FC25/EmpowerLabsIntra.app/www/index.html
2015-05-02 02:01:12.764 EmpowerLabsIntra[17648:813128] DiskCookieStorage changing policy from 2 to 0, cookie file: file:///Users/alexrojas/Library/Developer/CoreSimulator/Devices/800DD683-83D7-435E-8600-8022C79E62AD/data/Containers/Data/Application/F3D2A4AC-088A-41FD-812D-B51A90535E2C/Library/Cookies/Cookies.binarycookies
2015-05-02 02:01:12.997 EmpowerLabsIntra[17648:813128] Apache Cordova native platform version 3.8.0 is starting.
2015-05-02 02:01:12.997 EmpowerLabsIntra[17648:813128] Multi-tasking -> Device: YES, App: YES
2015-05-02 02:01:13.013 EmpowerLabsIntra[17648:813128] Unlimited access to network resources
2015-05-02 02:01:13.032 EmpowerLabsIntra[17648:813128] 

Started backup to iCloud! Please be careful.
Your application might be rejected by Apple if you store too much data.
For more information please read "iOS Data Storage Guidelines" at:
https://developer.apple.com/icloud/documentation/data-storage/
To disable web storage backup to iCloud, set the BackupWebStorage preference to "local" in the Cordova config.xml file

2015-05-02 02:01:13.637 EmpowerLabsIntra[17648:813128] Resetting plugins due to page load.
2015-05-02 02:01:14.088 EmpowerLabsIntra[17648:813128] Finished load of: file:///Users/alexrojas/Library/Developer/CoreSimulator/Devices/800DD683-83D7-435E-8600-8022C79E62AD/data/Containers/Bundle/Application/A64FCC99-15B9-428D-9906-65B078D245F1/EmpowerLabsIntra.app/www/index.html
2015-05-02 02:02:13.211 EmpowerLabsIntra[17779:813781] DiskCookieStorage changing policy from 2 to 0, cookie file: file:///Users/alexrojas/Library/Developer/CoreSimulator/Devices/800DD683-83D7-435E-8600-8022C79E62AD/data/Containers/Data/Application/91FEF32D-7404-476C-9097-C6AB25B9B1A9/Library/Cookies/Cookies.binarycookies
2015-05-02 02:02:13.486 EmpowerLabsIntra[17779:813781] Apache Cordova native platform version 3.8.0 is starting.
2015-05-02 02:02:13.487 EmpowerLabsIntra[17779:813781] Multi-tasking -> Device: YES, App: YES
2015-05-02 02:02:13.512 EmpowerLabsIntra[17779:813781] Unlimited access to network resources
2015-05-02 02:02:13.534 EmpowerLabsIntra[17779:813781] 

Started backup to iCloud! Please be careful.
Your application might be rejected by Apple if you store too much data.
For more information please read "iOS Data Storage Guidelines" at:
https://developer.apple.com/icloud/documentation/data-storage/
To disable web storage backup to iCloud, set the BackupWebStorage preference to "local" in the Cordova config.xml file

2015-05-02 02:02:14.085 EmpowerLabsIntra[17779:813781] Resetting plugins due to page load.
2015-05-02 02:02:14.601 EmpowerLabsIntra[17779:813781] Finished load of: file:///Users/alexrojas/Library/Developer/CoreSimulator/Devices/800DD683-83D7-435E-8600-8022C79E62AD/data/Containers/Bundle/Application/153AB70A-2FA6-4283-81EB-B9F8DEEAE0BD/EmpowerLabsIntra.app/www/index.html
2015-05-02 02:03:50.121 EmpowerLabsIntra[17916:814481] DiskCookieStorage changing policy from 2 to 0, cookie file: file:///Users/alexrojas/Library/Developer/CoreSimulator/Devices/800DD683-83D7-435E-8600-8022C79E62AD/data/Containers/Data/Application/74AAED56-4294-4753-A800-98AD53B1FAD9/Library/Cookies/Cookies.binarycookies
2015-05-02 02:03:50.270 EmpowerLabsIntra[17916:814481] Apache Cordova native platform version 3.8.0 is starting.
2015-05-02 02:03:50.270 EmpowerLabsIntra[17916:814481] Multi-tasking -> Device: YES, App: YES
2015-05-02 02:03:50.357 EmpowerLabsIntra[17916:814481] Unlimited access to network resources
2015-05-02 02:03:50.362 EmpowerLabsIntra[17916:814481] 

Started backup to iCloud! Please be careful.
Your application might be rejected by Apple if you store too much data.
For more information please read "iOS Data Storage Guidelines" at:
https://developer.apple.com/icloud/documentation/data-storage/
To disable web storage backup to iCloud, set the BackupWebStorage preference to "local" in the Cordova config.xml file

2015-05-02 02:03:50.540 EmpowerLabsIntra[17916:814481] Resetting plugins due to page load.
2015-05-02 02:03:50.905 EmpowerLabsIntra[17916:814481] Finished load of: file:///Users/alexrojas/Library/Developer/CoreSimulator/Devices/800DD683-83D7-435E-8600-8022C79E62AD/data/Containers/Bundle/Application/6026D175-D30C-4A0B-9EE5-C1175A3862C3/EmpowerLabsIntra.app/www/index.html
2015-05-02 02:05:33.796 EmpowerLabsIntra[18047:815208] DiskCookieStorage changing policy from 2 to 0, cookie file: file:///Users/alexrojas/Library/Developer/CoreSimulator/Devices/800DD683-83D7-435E-8600-8022C79E62AD/data/Containers/Data/Application/7A1395F6-60E1-4566-B886-CFABF256BFE2/Library/Cookies/Cookies.binarycookies
2015-05-02 02:05:34.005 EmpowerLabsIntra[18047:815208] Apache Cordova native platform version 3.8.0 is starting.
2015-05-02 02:05:34.005 EmpowerLabsIntra[18047:815208] Multi-tasking -> Device: YES, App: YES
2015-05-02 02:05:34.025 EmpowerLabsIntra[18047:815208] Unlimited access to network resources
2015-05-02 02:05:34.029 EmpowerLabsIntra[18047:815208] 

Started backup to iCloud! Please be careful.
Your application might be rejected by Apple if you store too much data.
For more information please read "iOS Data Storage Guidelines" at:
https://developer.apple.com/icloud/documentation/data-storage/
To disable web storage backup to iCloud, set the BackupWebStorage preference to "local" in the Cordova config.xml file

2015-05-02 02:05:34.690 EmpowerLabsIntra[18047:815208] Resetting plugins due to page load.
2015-05-02 02:05:35.197 EmpowerLabsIntra[18047:815208] Finished load of: file:///Users/alexrojas/Library/Developer/CoreSimulator/Devices/800DD683-83D7-435E-8600-8022C79E62AD/data/Containers/Bundle/Application/1BB985F7-F528-447A-8421-2A75D171F9C4/EmpowerLabsIntra.app/www/index.html
2015-05-02 02:06:11.195 EmpowerLabsIntra[18181:815737] DiskCookieStorage changing policy from 2 to 0, cookie file: file:///Users/alexrojas/Library/Developer/CoreSimulator/Devices/800DD683-83D7-435E-8600-8022C79E62AD/data/Containers/Data/Application/85BEB0E2-1C59-49AC-9E91-D40B724435CE/Library/Cookies/Cookies.binarycookies
2015-05-02 02:06:11.372 EmpowerLabsIntra[18181:815737] Apache Cordova native platform version 3.8.0 is starting.
2015-05-02 02:06:11.373 EmpowerLabsIntra[18181:815737] Multi-tasking -> Device: YES, App: YES
2015-05-02 02:06:11.396 EmpowerLabsIntra[18181:815737] Unlimited access to network resources
2015-05-02 02:06:11.401 EmpowerLabsIntra[18181:815737] 

Started backup to iCloud! Please be careful.
Your application might be rejected by Apple if you store too much data.
For more information please read "iOS Data Storage Guidelines" at:
https://developer.apple.com/icloud/documentation/data-storage/
To disable web storage backup to iCloud, set the BackupWebStorage preference to "local" in the Cordova config.xml file

2015-05-02 02:06:11.724 EmpowerLabsIntra[18181:815737] Resetting plugins due to page load.
2015-05-02 02:06:12.034 EmpowerLabsIntra[18181:815737] Finished load of: file:///Users/alexrojas/Library/Developer/CoreSimulator/Devices/800DD683-83D7-435E-8600-8022C79E62AD/data/Containers/Bundle/Application/B081DC85-E758-4BB6-AFB3-E3CE6C0EC254/EmpowerLabsIntra.app/www/index.html
2015-05-02 02:08:12.631 EmpowerLabsIntra[18318:816638] DiskCookieStorage changing policy from 2 to 0, cookie file: file:///Users/alexrojas/Library/Developer/CoreSimulator/Devices/800DD683-83D7-435E-8600-8022C79E62AD/data/Containers/Data/Application/C903037D-F943-4305-A537-CAAE6FB802D8/Library/Cookies/Cookies.binarycookies
2015-05-02 02:08:12.817 EmpowerLabsIntra[18318:816638] Apache Cordova native platform version 3.8.0 is starting.
2015-05-02 02:08:12.818 EmpowerLabsIntra[18318:816638] Multi-tasking -> Device: YES, App: YES
2015-05-02 02:08:12.830 EmpowerLabsIntra[18318:816638] Unlimited access to network resources
2015-05-02 02:08:12.834 EmpowerLabsIntra[18318:816638] 

Started backup to iCloud! Please be careful.
Your application might be rejected by Apple if you store too much data.
For more information please read "iOS Data Storage Guidelines" at:
https://developer.apple.com/icloud/documentation/data-storage/
To disable web storage backup to iCloud, set the BackupWebStorage preference to "local" in the Cordova config.xml file

2015-05-02 02:08:13.053 EmpowerLabsIntra[18318:816638] Resetting plugins due to page load.
2015-05-02 02:08:13.454 EmpowerLabsIntra[18318:816638] Finished load of: file:///Users/alexrojas/Library/Developer/CoreSimulator/Devices/800DD683-83D7-435E-8600-8022C79E62AD/data/Containers/Bundle/Application/CEC51DB0-2B1F-4666-8200-A1990D199739/EmpowerLabsIntra.app/www/index.html
2015-05-02 02:11:54.952 EmpowerLabsIntra[18458:817867] DiskCookieStorage changing policy from 2 to 0, cookie file: file:///Users/alexrojas/Library/Developer/CoreSimulator/Devices/800DD683-83D7-435E-8600-8022C79E62AD/data/Containers/Data/Application/109E8573-E2A3-4398-8F07-A75D26422489/Library/Cookies/Cookies.binarycookies
2015-05-02 02:11:55.049 EmpowerLabsIntra[18458:817867] Apache Cordova native platform version 3.8.0 is starting.
2015-05-02 02:11:55.049 EmpowerLabsIntra[18458:817867] Multi-tasking -> Device: YES, App: YES
2015-05-02 02:11:55.058 EmpowerLabsIntra[18458:817867] Unlimited access to network resources
2015-05-02 02:11:55.062 EmpowerLabsIntra[18458:817867] 

Started backup to iCloud! Please be careful.
Your application might be rejected by Apple if you store too much data.
For more information please read "iOS Data Storage Guidelines" at:
https://developer.apple.com/icloud/documentation/data-storage/
To disable web storage backup to iCloud, set the BackupWebStorage preference to "local" in the Cordova config.xml file

2015-05-02 02:11:55.286 EmpowerLabsIntra[18458:817867] Resetting plugins due to page load.
2015-05-02 02:11:55.660 EmpowerLabsIntra[18458:817867] Finished load of: file:///Users/alexrojas/Library/Developer/CoreSimulator/Devices/800DD683-83D7-435E-8600-8022C79E62AD/data/Containers/Bundle/Application/F44312C0-27E8-49C6-86E7-824D028980D6/EmpowerLabsIntra.app/www/index.html
2015-05-02 02:13:58.292 EmpowerLabsIntra[18593:818721] DiskCookieStorage changing policy from 2 to 0, cookie file: file:///Users/alexrojas/Library/Developer/CoreSimulator/Devices/800DD683-83D7-435E-8600-8022C79E62AD/data/Containers/Data/Application/91C12D8E-43FE-4103-89E8-F4ECD45CF86C/Library/Cookies/Cookies.binarycookies
2015-05-02 02:13:58.492 EmpowerLabsIntra[18593:818721] Apache Cordova native platform version 3.8.0 is starting.
2015-05-02 02:13:58.492 EmpowerLabsIntra[18593:818721] Multi-tasking -> Device: YES, App: YES
2015-05-02 02:13:58.525 EmpowerLabsIntra[18593:818721] Unlimited access to network resources
2015-05-02 02:13:58.529 EmpowerLabsIntra[18593:818721] 

Started backup to iCloud! Please be careful.
Your application might be rejected by Apple if you store too much data.
For more information please read "iOS Data Storage Guidelines" at:
https://developer.apple.com/icloud/documentation/data-storage/
To disable web storage backup to iCloud, set the BackupWebStorage preference to "local" in the Cordova config.xml file

2015-05-02 02:13:59.020 EmpowerLabsIntra[18593:818721] Resetting plugins due to page load.
2015-05-02 02:13:59.376 EmpowerLabsIntra[18593:818721] Finished load of: file:///Users/alexrojas/Library/Developer/CoreSimulator/Devices/800DD683-83D7-435E-8600-8022C79E62AD/data/Containers/Bundle/Application/F25B78A3-292D-439D-8DB2-E4048C838DA8/EmpowerLabsIntra.app/www/index.html
2015-05-02 02:14:32.727 EmpowerLabsIntra[18725:819217] DiskCookieStorage changing policy from 2 to 0, cookie file: file:///Users/alexrojas/Library/Developer/CoreSimulator/Devices/800DD683-83D7-435E-8600-8022C79E62AD/data/Containers/Data/Application/A16483F1-741B-4A6B-B00E-BDFCE7208E6C/Library/Cookies/Cookies.binarycookies
2015-05-02 02:14:32.807 EmpowerLabsIntra[18725:819217] Apache Cordova native platform version 3.8.0 is starting.
2015-05-02 02:14:32.807 EmpowerLabsIntra[18725:819217] Multi-tasking -> Device: YES, App: YES
2015-05-02 02:14:32.819 EmpowerLabsIntra[18725:819217] Unlimited access to network resources
2015-05-02 02:14:32.822 EmpowerLabsIntra[18725:819217] 

Started backup to iCloud! Please be careful.
Your application might be rejected by Apple if you store too much data.
For more information please read "iOS Data Storage Guidelines" at:
https://developer.apple.com/icloud/documentation/data-storage/
To disable web storage backup to iCloud, set the BackupWebStorage preference to "local" in the Cordova config.xml file

2015-05-02 02:14:33.252 EmpowerLabsIntra[18725:819217] Resetting plugins due to page load.
2015-05-02 02:14:33.612 EmpowerLabsIntra[18725:819217] Finished load of: file:///Users/alexrojas/Library/Developer/CoreSimulator/Devices/800DD683-83D7-435E-8600-8022C79E62AD/data/Containers/Bundle/Application/B33A8F64-75D4-4D19-930F-EE0BF8BC1B27/EmpowerLabsIntra.app/www/index.html
2015-05-02 02:15:37.303 EmpowerLabsIntra[18856:819808] DiskCookieStorage changing policy from 2 to 0, cookie file: file:///Users/alexrojas/Library/Developer/CoreSimulator/Devices/800DD683-83D7-435E-8600-8022C79E62AD/data/Containers/Data/Application/63DCFE9F-0BD4-44A6-B36D-53D94BF11D21/Library/Cookies/Cookies.binarycookies
2015-05-02 02:15:37.405 EmpowerLabsIntra[18856:819808] Apache Cordova native platform version 3.8.0 is starting.
2015-05-02 02:15:37.406 EmpowerLabsIntra[18856:819808] Multi-tasking -> Device: YES, App: YES
2015-05-02 02:15:37.416 EmpowerLabsIntra[18856:819808] Unlimited access to network resources
2015-05-02 02:15:37.420 EmpowerLabsIntra[18856:819808] 

Started backup to iCloud! Please be careful.
Your application might be rejected by Apple if you store too much data.
For more information please read "iOS Data Storage Guidelines" at:
https://developer.apple.com/icloud/documentation/data-storage/
To disable web storage backup to iCloud, set the BackupWebStorage preference to "local" in the Cordova config.xml file

2015-05-02 02:15:37.631 EmpowerLabsIntra[18856:819808] Resetting plugins due to page load.
2015-05-02 02:15:38.056 EmpowerLabsIntra[18856:819808] Finished load of: file:///Users/alexrojas/Library/Developer/CoreSimulator/Devices/800DD683-83D7-435E-8600-8022C79E62AD/data/Containers/Bundle/Application/3234BD86-ABFB-4817-BFCB-FBEE6A0453D3/EmpowerLabsIntra.app/www/index.html
2015-05-02 02:19:00.265 EmpowerLabsIntra[19000:820924] DiskCookieStorage changing policy from 2 to 0, cookie file: file:///Users/alexrojas/Library/Developer/CoreSimulator/Devices/800DD683-83D7-435E-8600-8022C79E62AD/data/Containers/Data/Application/7E15DEDE-D799-4210-91C9-0AFB4C74C33D/Library/Cookies/Cookies.binarycookies
2015-05-02 02:19:00.634 EmpowerLabsIntra[19000:820924] Apache Cordova native platform version 3.8.0 is starting.
2015-05-02 02:19:00.634 EmpowerLabsIntra[19000:820924] Multi-tasking -> Device: YES, App: YES
2015-05-02 02:19:00.659 EmpowerLabsIntra[19000:820924] Unlimited access to network resources
2015-05-02 02:19:00.683 EmpowerLabsIntra[19000:820924] 

Started backup to iCloud! Please be careful.
Your application might be rejected by Apple if you store too much data.
For more information please read "iOS Data Storage Guidelines" at:
https://developer.apple.com/icloud/documentation/data-storage/
To disable web storage backup to iCloud, set the BackupWebStorage preference to "local" in the Cordova config.xml file

2015-05-02 02:19:01.531 EmpowerLabsIntra[19000:820924] Resetting plugins due to page load.
2015-05-02 02:19:02.027 EmpowerLabsIntra[19000:820924] Finished load of: file:///Users/alexrojas/Library/Developer/CoreSimulator/Devices/800DD683-83D7-435E-8600-8022C79E62AD/data/Containers/Bundle/Application/CF7136E8-2FB0-44CD-BD3B-1C4C5C8679FD/EmpowerLabsIntra.app/www/index.html
2015-05-02 02:20:01.461 EmpowerLabsIntra[19133:821508] DiskCookieStorage changing policy from 2 to 0, cookie file: file:///Users/alexrojas/Library/Developer/CoreSimulator/Devices/800DD683-83D7-435E-8600-8022C79E62AD/data/Containers/Data/Application/4159F6F9-2E0D-4109-8D40-8980CAB3CCED/Library/Cookies/Cookies.binarycookies
2015-05-02 02:20:01.550 EmpowerLabsIntra[19133:821508] Apache Cordova native platform version 3.8.0 is starting.
2015-05-02 02:20:01.551 EmpowerLabsIntra[19133:821508] Multi-tasking -> Device: YES, App: YES
2015-05-02 02:20:01.568 EmpowerLabsIntra[19133:821508] Unlimited access to network resources
2015-05-02 02:20:01.572 EmpowerLabsIntra[19133:821508] 

Started backup to iCloud! Please be careful.
Your application might be rejected by Apple if you store too much data.
For more information please read "iOS Data Storage Guidelines" at:
https://developer.apple.com/icloud/documentation/data-storage/
To disable web storage backup to iCloud, set the BackupWebStorage preference to "local" in the Cordova config.xml file

2015-05-02 02:20:01.768 EmpowerLabsIntra[19133:821508] Resetting plugins due to page load.
2015-05-02 02:20:02.186 EmpowerLabsIntra[19133:821508] Finished load of: file:///Users/alexrojas/Library/Developer/CoreSimulator/Devices/800DD683-83D7-435E-8600-8022C79E62AD/data/Containers/Bundle/Application/CD732122-731C-4EC7-BF47-A89CCE41D20A/EmpowerLabsIntra.app/www/index.html
2015-05-02 02:22:23.378 EmpowerLabsIntra[19272:822303] DiskCookieStorage changing policy from 2 to 0, cookie file: file:///Users/alexrojas/Library/Developer/CoreSimulator/Devices/800DD683-83D7-435E-8600-8022C79E62AD/data/Containers/Data/Application/08AB908A-E567-4FB9-B22C-9E3D09CCB482/Library/Cookies/Cookies.binarycookies
2015-05-02 02:22:23.466 EmpowerLabsIntra[19272:822303] Apache Cordova native platform version 3.8.0 is starting.
2015-05-02 02:22:23.467 EmpowerLabsIntra[19272:822303] Multi-tasking -> Device: YES, App: YES
2015-05-02 02:22:23.483 EmpowerLabsIntra[19272:822303] Unlimited access to network resources
2015-05-02 02:22:23.487 EmpowerLabsIntra[19272:822303] 

Started backup to iCloud! Please be careful.
Your application might be rejected by Apple if you store too much data.
For more information please read "iOS Data Storage Guidelines" at:
https://developer.apple.com/icloud/documentation/data-storage/
To disable web storage backup to iCloud, set the BackupWebStorage preference to "local" in the Cordova config.xml file

2015-05-02 02:22:23.727 EmpowerLabsIntra[19272:822303] Resetting plugins due to page load.
2015-05-02 02:22:24.579 EmpowerLabsIntra[19272:822303] Finished load of: file:///Users/alexrojas/Library/Developer/CoreSimulator/Devices/800DD683-83D7-435E-8600-8022C79E62AD/data/Containers/Bundle/Application/A2ED01D8-6142-4974-83BE-7A44568306C7/EmpowerLabsIntra.app/www/index.html
2015-05-02 02:28:53.739 EmpowerLabsIntra[19430:824073] DiskCookieStorage changing policy from 2 to 0, cookie file: file:///Users/alexrojas/Library/Developer/CoreSimulator/Devices/800DD683-83D7-435E-8600-8022C79E62AD/data/Containers/Data/Application/C0297E81-01FB-4813-9591-FE8FFDD97695/Library/Cookies/Cookies.binarycookies
2015-05-02 02:28:53.846 EmpowerLabsIntra[19430:824073] Apache Cordova native platform version 3.8.0 is starting.
2015-05-02 02:28:53.846 EmpowerLabsIntra[19430:824073] Multi-tasking -> Device: YES, App: YES
2015-05-02 02:28:53.869 EmpowerLabsIntra[19430:824073] Unlimited access to network resources
2015-05-02 02:28:53.874 EmpowerLabsIntra[19430:824073] 

Started backup to iCloud! Please be careful.
Your application might be rejected by Apple if you store too much data.
For more information please read "iOS Data Storage Guidelines" at:
https://developer.apple.com/icloud/documentation/data-storage/
To disable web storage backup to iCloud, set the BackupWebStorage preference to "local" in the Cordova config.xml file

2015-05-02 02:28:54.114 EmpowerLabsIntra[19430:824073] Resetting plugins due to page load.
2015-05-02 02:28:54.973 EmpowerLabsIntra[19430:824073] Finished load of: file:///Users/alexrojas/Library/Developer/CoreSimulator/Devices/800DD683-83D7-435E-8600-8022C79E62AD/data/Containers/Bundle/Application/A5904691-1B33-4306-9A33-E068E7829E74/EmpowerLabsIntra.app/www/index.html
2015-05-02 02:36:30.082 EmpowerLabsIntra[19600:826734] DiskCookieStorage changing policy from 2 to 0, cookie file: file:///Users/alexrojas/Library/Developer/CoreSimulator/Devices/800DD683-83D7-435E-8600-8022C79E62AD/data/Containers/Data/Application/8C4B9659-C670-4A53-9B55-E021EF27B5F2/Library/Cookies/Cookies.binarycookies
2015-05-02 02:36:30.562 EmpowerLabsIntra[19600:826734] Apache Cordova native platform version 3.8.0 is starting.
2015-05-02 02:36:30.563 EmpowerLabsIntra[19600:826734] Multi-tasking -> Device: YES, App: YES
2015-05-02 02:36:30.583 EmpowerLabsIntra[19600:826734] Unlimited access to network resources
2015-05-02 02:36:30.612 EmpowerLabsIntra[19600:826734] 

Started backup to iCloud! Please be careful.
Your application might be rejected by Apple if you store too much data.
For more information please read "iOS Data Storage Guidelines" at:
https://developer.apple.com/icloud/documentation/data-storage/
To disable web storage backup to iCloud, set the BackupWebStorage preference to "local" in the Cordova config.xml file

2015-05-02 02:36:31.450 EmpowerLabsIntra[19600:826734] Resetting plugins due to page load.
2015-05-02 02:36:32.266 EmpowerLabsIntra[19600:826734] Finished load of: file:///Users/alexrojas/Library/Developer/CoreSimulator/Devices/800DD683-83D7-435E-8600-8022C79E62AD/data/Containers/Bundle/Application/F491FF4A-41BE-40A0-B75F-559D67DC4087/EmpowerLabsIntra.app/www/index.html
2015-05-02 02:42:44.172 EmpowerLabsIntra[19777:828585] DiskCookieStorage changing policy from 2 to 0, cookie file: file:///Users/alexrojas/Library/Developer/CoreSimulator/Devices/800DD683-83D7-435E-8600-8022C79E62AD/data/Containers/Data/Application/4B446933-074D-403A-B0DF-10252F189A8E/Library/Cookies/Cookies.binarycookies
2015-05-02 02:42:45.065 EmpowerLabsIntra[19777:828585] Apache Cordova native platform version 3.8.0 is starting.
2015-05-02 02:42:45.065 EmpowerLabsIntra[19777:828585] Multi-tasking -> Device: YES, App: YES
2015-05-02 02:42:45.089 EmpowerLabsIntra[19777:828585] Unlimited access to network resources
2015-05-02 02:42:45.114 EmpowerLabsIntra[19777:828585] 

Started backup to iCloud! Please be careful.
Your application might be rejected by Apple if you store too much data.
For more information please read "iOS Data Storage Guidelines" at:
https://developer.apple.com/icloud/documentation/data-storage/
To disable web storage backup to iCloud, set the BackupWebStorage preference to "local" in the Cordova config.xml file

2015-05-02 02:42:45.822 EmpowerLabsIntra[19777:828585] Resetting plugins due to page load.
2015-05-02 02:42:47.079 EmpowerLabsIntra[19777:828585] Finished load of: file:///Users/alexrojas/Library/Developer/CoreSimulator/Devices/800DD683-83D7-435E-8600-8022C79E62AD/data/Containers/Bundle/Application/579F6A94-DBD1-41F6-9394-56AE9F99569F/EmpowerLabsIntra.app/www/index.html
2015-05-02 02:46:48.092 EmpowerLabsIntra[19944:830246] DiskCookieStorage changing policy from 2 to 0, cookie file: file:///Users/alexrojas/Library/Developer/CoreSimulator/Devices/800DD683-83D7-435E-8600-8022C79E62AD/data/Containers/Data/Application/BDAF7033-6991-47D5-B9A2-3AC50CA5B276/Library/Cookies/Cookies.binarycookies
2015-05-02 02:46:48.471 EmpowerLabsIntra[19944:830246] Apache Cordova native platform version 3.8.0 is starting.
2015-05-02 02:46:48.472 EmpowerLabsIntra[19944:830246] Multi-tasking -> Device: YES, App: YES
2015-05-02 02:46:48.492 EmpowerLabsIntra[19944:830246] Unlimited access to network resources
2015-05-02 02:46:48.512 EmpowerLabsIntra[19944:830246] 

Started backup to iCloud! Please be careful.
Your application might be rejected by Apple if you store too much data.
For more information please read "iOS Data Storage Guidelines" at:
https://developer.apple.com/icloud/documentation/data-storage/
To disable web storage backup to iCloud, set the BackupWebStorage preference to "local" in the Cordova config.xml file

2015-05-02 02:46:49.478 EmpowerLabsIntra[19944:830246] Resetting plugins due to page load.
2015-05-02 02:46:50.398 EmpowerLabsIntra[19944:830246] Finished load of: file:///Users/alexrojas/Library/Developer/CoreSimulator/Devices/800DD683-83D7-435E-8600-8022C79E62AD/data/Containers/Bundle/Application/EE58F903-6DDD-4FA2-8DFF-ADF664AEDE1A/EmpowerLabsIntra.app/www/index.html
2015-05-02 02:48:14.080 EmpowerLabsIntra[20085:831038] DiskCookieStorage changing policy from 2 to 0, cookie file: file:///Users/alexrojas/Library/Developer/CoreSimulator/Devices/800DD683-83D7-435E-8600-8022C79E62AD/data/Containers/Data/Application/0D0D8A55-E2C6-4127-92CC-A5B48AE8BEE4/Library/Cookies/Cookies.binarycookies
2015-05-02 02:48:14.434 EmpowerLabsIntra[20085:831038] Apache Cordova native platform version 3.8.0 is starting.
2015-05-02 02:48:14.435 EmpowerLabsIntra[20085:831038] Multi-tasking -> Device: YES, App: YES
2015-05-02 02:48:14.449 EmpowerLabsIntra[20085:831038] Unlimited access to network resources
2015-05-02 02:48:14.472 EmpowerLabsIntra[20085:831038] 

Started backup to iCloud! Please be careful.
Your application might be rejected by Apple if you store too much data.
For more information please read "iOS Data Storage Guidelines" at:
https://developer.apple.com/icloud/documentation/data-storage/
To disable web storage backup to iCloud, set the BackupWebStorage preference to "local" in the Cordova config.xml file

2015-05-02 02:48:15.130 EmpowerLabsIntra[20085:831038] Resetting plugins due to page load.
2015-05-02 02:48:16.010 EmpowerLabsIntra[20085:831038] Finished load of: file:///Users/alexrojas/Library/Developer/CoreSimulator/Devices/800DD683-83D7-435E-8600-8022C79E62AD/data/Containers/Bundle/Application/1645DD9F-2142-4039-9709-74E6484DCCF6/EmpowerLabsIntra.app/www/index.html
2015-05-02 02:48:51.525 EmpowerLabsIntra[20218:831531] DiskCookieStorage changing policy from 2 to 0, cookie file: file:///Users/alexrojas/Library/Developer/CoreSimulator/Devices/800DD683-83D7-435E-8600-8022C79E62AD/data/Containers/Data/Application/B03126FF-CEC7-49DE-A3B1-2C8AE5C3A147/Library/Cookies/Cookies.binarycookies
2015-05-02 02:48:51.871 EmpowerLabsIntra[20218:831531] Apache Cordova native platform version 3.8.0 is starting.
2015-05-02 02:48:51.871 EmpowerLabsIntra[20218:831531] Multi-tasking -> Device: YES, App: YES
2015-05-02 02:48:51.902 EmpowerLabsIntra[20218:831531] Unlimited access to network resources
2015-05-02 02:48:51.939 EmpowerLabsIntra[20218:831531] 

Started backup to iCloud! Please be careful.
Your application might be rejected by Apple if you store too much data.
For more information please read "iOS Data Storage Guidelines" at:
https://developer.apple.com/icloud/documentation/data-storage/
To disable web storage backup to iCloud, set the BackupWebStorage preference to "local" in the Cordova config.xml file

2015-05-02 02:48:52.617 EmpowerLabsIntra[20218:831531] Resetting plugins due to page load.
2015-05-02 02:48:53.240 EmpowerLabsIntra[20218:831531] Finished load of: file:///Users/alexrojas/Library/Developer/CoreSimulator/Devices/800DD683-83D7-435E-8600-8022C79E62AD/data/Containers/Bundle/Application/81F5D0EC-B3BB-49CB-91AE-680D66A11550/EmpowerLabsIntra.app/www/index.html
2015-05-02 02:51:25.198 EmpowerLabsIntra[20355:832458] DiskCookieStorage changing policy from 2 to 0, cookie file: file:///Users/alexrojas/Library/Developer/CoreSimulator/Devices/800DD683-83D7-435E-8600-8022C79E62AD/data/Containers/Data/Application/4A0C788C-5536-47DB-B133-1AFD57EBF83F/Library/Cookies/Cookies.binarycookies
2015-05-02 02:51:25.496 EmpowerLabsIntra[20355:832458] Apache Cordova native platform version 3.8.0 is starting.
2015-05-02 02:51:25.496 EmpowerLabsIntra[20355:832458] Multi-tasking -> Device: YES, App: YES
2015-05-02 02:51:25.512 EmpowerLabsIntra[20355:832458] Unlimited access to network resources
2015-05-02 02:51:25.533 EmpowerLabsIntra[20355:832458] 

Started backup to iCloud! Please be careful.
Your application might be rejected by Apple if you store too much data.
For more information please read "iOS Data Storage Guidelines" at:
https://developer.apple.com/icloud/documentation/data-storage/
To disable web storage backup to iCloud, set the BackupWebStorage preference to "local" in the Cordova config.xml file

2015-05-02 02:51:26.134 EmpowerLabsIntra[20355:832458] Resetting plugins due to page load.
2015-05-02 02:51:27.493 EmpowerLabsIntra[20355:832458] Finished load of: file:///Users/alexrojas/Library/Developer/CoreSimulator/Devices/800DD683-83D7-435E-8600-8022C79E62AD/data/Containers/Bundle/Application/55F0FDB2-5CF4-4A33-9C71-B705D2272B4F/EmpowerLabsIntra.app/www/index.html
2015-05-02 02:52:29.989 EmpowerLabsIntra[20491:833166] DiskCookieStorage changing policy from 2 to 0, cookie file: file:///Users/alexrojas/Library/Developer/CoreSimulator/Devices/800DD683-83D7-435E-8600-8022C79E62AD/data/Containers/Data/Application/E44133B0-2A9B-4800-9448-4EF5150A839E/Library/Cookies/Cookies.binarycookies
2015-05-02 02:52:30.328 EmpowerLabsIntra[20491:833166] Apache Cordova native platform version 3.8.0 is starting.
2015-05-02 02:52:30.329 EmpowerLabsIntra[20491:833166] Multi-tasking -> Device: YES, App: YES
2015-05-02 02:52:30.350 EmpowerLabsIntra[20491:833166] Unlimited access to network resources
2015-05-02 02:52:30.369 EmpowerLabsIntra[20491:833166] 

Started backup to iCloud! Please be careful.
Your application might be rejected by Apple if you store too much data.
For more information please read "iOS Data Storage Guidelines" at:
https://developer.apple.com/icloud/documentation/data-storage/
To disable web storage backup to iCloud, set the BackupWebStorage preference to "local" in the Cordova config.xml file

2015-05-02 02:52:31.044 EmpowerLabsIntra[20491:833166] Resetting plugins due to page load.
2015-05-02 02:52:32.019 EmpowerLabsIntra[20491:833166] Finished load of: file:///Users/alexrojas/Library/Developer/CoreSimulator/Devices/800DD683-83D7-435E-8600-8022C79E62AD/data/Containers/Bundle/Application/6DCF0943-481A-4AF8-A440-8EE9E2AAB977/EmpowerLabsIntra.app/www/index.html
2015-05-02 02:53:41.606 EmpowerLabsIntra[20622:833860] DiskCookieStorage changing policy from 2 to 0, cookie file: file:///Users/alexrojas/Library/Developer/CoreSimulator/Devices/800DD683-83D7-435E-8600-8022C79E62AD/data/Containers/Data/Application/CE4C1EB1-463F-4CAA-A588-D3E217877E1A/Library/Cookies/Cookies.binarycookies
2015-05-02 02:53:41.957 EmpowerLabsIntra[20622:833860] Apache Cordova native platform version 3.8.0 is starting.
2015-05-02 02:53:41.957 EmpowerLabsIntra[20622:833860] Multi-tasking -> Device: YES, App: YES
2015-05-02 02:53:41.978 EmpowerLabsIntra[20622:833860] Unlimited access to network resources
2015-05-02 02:53:41.994 EmpowerLabsIntra[20622:833860] 

Started backup to iCloud! Please be careful.
Your application might be rejected by Apple if you store too much data.
For more information please read "iOS Data Storage Guidelines" at:
https://developer.apple.com/icloud/documentation/data-storage/
To disable web storage backup to iCloud, set the BackupWebStorage preference to "local" in the Cordova config.xml file

2015-05-02 02:53:42.313 EmpowerLabsIntra[20622:833860] Resetting plugins due to page load.
2015-05-02 02:53:43.030 EmpowerLabsIntra[20622:833860] Finished load of: file:///Users/alexrojas/Library/Developer/CoreSimulator/Devices/800DD683-83D7-435E-8600-8022C79E62AD/data/Containers/Bundle/Application/D124419C-C6B0-4B62-9351-B39B076D7030/EmpowerLabsIntra.app/www/index.html
2015-05-02 02:58:05.734 EmpowerLabsIntra[20779:835141] DiskCookieStorage changing policy from 2 to 0, cookie file: file:///Users/alexrojas/Library/Developer/CoreSimulator/Devices/800DD683-83D7-435E-8600-8022C79E62AD/data/Containers/Data/Application/9D4FF262-309A-40B0-B116-9CF39ECB7A6D/Library/Cookies/Cookies.binarycookies
2015-05-02 02:58:06.101 EmpowerLabsIntra[20779:835141] Apache Cordova native platform version 3.8.0 is starting.
2015-05-02 02:58:06.102 EmpowerLabsIntra[20779:835141] Multi-tasking -> Device: YES, App: YES
2015-05-02 02:58:06.127 EmpowerLabsIntra[20779:835141] Unlimited access to network resources
2015-05-02 02:58:06.148 EmpowerLabsIntra[20779:835141] 

Started backup to iCloud! Please be careful.
Your application might be rejected by Apple if you store too much data.
For more information please read "iOS Data Storage Guidelines" at:
https://developer.apple.com/icloud/documentation/data-storage/
To disable web storage backup to iCloud, set the BackupWebStorage preference to "local" in the Cordova config.xml file

2015-05-02 02:58:06.764 EmpowerLabsIntra[20779:835141] Resetting plugins due to page load.
2015-05-02 02:58:07.950 EmpowerLabsIntra[20779:835141] Finished load of: file:///Users/alexrojas/Library/Developer/CoreSimulator/Devices/800DD683-83D7-435E-8600-8022C79E62AD/data/Containers/Bundle/Application/A4F86F8D-4D25-416C-943F-44C5E836741E/EmpowerLabsIntra.app/www/index.html
2015-05-02 02:58:49.731 EmpowerLabsIntra[20913:835682] DiskCookieStorage changing policy from 2 to 0, cookie file: file:///Users/alexrojas/Library/Developer/CoreSimulator/Devices/800DD683-83D7-435E-8600-8022C79E62AD/data/Containers/Data/Application/ED9459F3-59DC-4C95-A5DF-82346FB7ACFA/Library/Cookies/Cookies.binarycookies
2015-05-02 02:58:49.923 EmpowerLabsIntra[20913:835682] Apache Cordova native platform version 3.8.0 is starting.
2015-05-02 02:58:49.924 EmpowerLabsIntra[20913:835682] Multi-tasking -> Device: YES, App: YES
2015-05-02 02:58:49.940 EmpowerLabsIntra[20913:835682] Unlimited access to network resources
2015-05-02 02:58:49.943 EmpowerLabsIntra[20913:835682] 

Started backup to iCloud! Please be careful.
Your application might be rejected by Apple if you store too much data.
For more information please read "iOS Data Storage Guidelines" at:
https://developer.apple.com/icloud/documentation/data-storage/
To disable web storage backup to iCloud, set the BackupWebStorage preference to "local" in the Cordova config.xml file

2015-05-02 02:58:50.171 EmpowerLabsIntra[20913:835682] Resetting plugins due to page load.
2015-05-02 02:58:50.832 EmpowerLabsIntra[20913:835682] Finished load of: file:///Users/alexrojas/Library/Developer/CoreSimulator/Devices/800DD683-83D7-435E-8600-8022C79E62AD/data/Containers/Bundle/Application/6BFF9ABB-6165-493A-A013-A3491C89F058/EmpowerLabsIntra.app/www/index.html
2015-05-02 03:24:36.473 EmpowerLabsIntra[21151:840545] DiskCookieStorage changing policy from 2 to 0, cookie file: file:///Users/alexrojas/Library/Developer/CoreSimulator/Devices/800DD683-83D7-435E-8600-8022C79E62AD/data/Containers/Data/Application/7BCE7336-4BAE-4416-8B31-CB39236044C2/Library/Cookies/Cookies.binarycookies
2015-05-02 03:24:36.670 EmpowerLabsIntra[21151:840545] Apache Cordova native platform version 3.8.0 is starting.
2015-05-02 03:24:36.671 EmpowerLabsIntra[21151:840545] Multi-tasking -> Device: YES, App: YES
2015-05-02 03:24:36.683 EmpowerLabsIntra[21151:840545] Unlimited access to network resources
2015-05-02 03:24:36.687 EmpowerLabsIntra[21151:840545] 

Started backup to iCloud! Please be careful.
Your application might be rejected by Apple if you store too much data.
For more information please read "iOS Data Storage Guidelines" at:
https://developer.apple.com/icloud/documentation/data-storage/
To disable web storage backup to iCloud, set the BackupWebStorage preference to "local" in the Cordova config.xml file

2015-05-02 03:24:37.111 EmpowerLabsIntra[21151:840545] Resetting plugins due to page load.
2015-05-02 03:24:37.948 EmpowerLabsIntra[21151:840545] Finished load of: file:///Users/alexrojas/Library/Developer/CoreSimulator/Devices/800DD683-83D7-435E-8600-8022C79E62AD/data/Containers/Bundle/Application/96400E5B-0F5F-4154-B430-06DCC289011F/EmpowerLabsIntra.app/www/index.html
2015-05-02 03:25:39.576 EmpowerLabsIntra[21288:841161] DiskCookieStorage changing policy from 2 to 0, cookie file: file:///Users/alexrojas/Library/Developer/CoreSimulator/Devices/800DD683-83D7-435E-8600-8022C79E62AD/data/Containers/Data/Application/85D78811-22B6-49C8-86CC-799558007E46/Library/Cookies/Cookies.binarycookies
2015-05-02 03:25:39.665 EmpowerLabsIntra[21288:841161] Apache Cordova native platform version 3.8.0 is starting.
2015-05-02 03:25:39.665 EmpowerLabsIntra[21288:841161] Multi-tasking -> Device: YES, App: YES
2015-05-02 03:25:39.676 EmpowerLabsIntra[21288:841161] Unlimited access to network resources
2015-05-02 03:25:39.680 EmpowerLabsIntra[21288:841161] 

Started backup to iCloud! Please be careful.
Your application might be rejected by Apple if you store too much data.
For more information please read "iOS Data Storage Guidelines" at:
https://developer.apple.com/icloud/documentation/data-storage/
To disable web storage backup to iCloud, set the BackupWebStorage preference to "local" in the Cordova config.xml file

2015-05-02 03:25:40.168 EmpowerLabsIntra[21288:841161] Resetting plugins due to page load.
2015-05-02 03:25:40.746 EmpowerLabsIntra[21288:841161] Finished load of: file:///Users/alexrojas/Library/Developer/CoreSimulator/Devices/800DD683-83D7-435E-8600-8022C79E62AD/data/Containers/Bundle/Application/AB078980-323B-4336-9238-3842DC3EEB5E/EmpowerLabsIntra.app/www/index.html
2015-05-02 03:28:55.796 EmpowerLabsIntra[21428:842138] DiskCookieStorage changing policy from 2 to 0, cookie file: file:///Users/alexrojas/Library/Developer/CoreSimulator/Devices/800DD683-83D7-435E-8600-8022C79E62AD/data/Containers/Data/Application/3514DF5F-4EA3-4BA8-B73D-E2ECE3645617/Library/Cookies/Cookies.binarycookies
2015-05-02 03:28:55.882 EmpowerLabsIntra[21428:842138] Apache Cordova native platform version 3.8.0 is starting.
2015-05-02 03:28:55.883 EmpowerLabsIntra[21428:842138] Multi-tasking -> Device: YES, App: YES
2015-05-02 03:28:55.893 EmpowerLabsIntra[21428:842138] Unlimited access to network resources
2015-05-02 03:28:55.903 EmpowerLabsIntra[21428:842138] 

Started backup to iCloud! Please be careful.
Your application might be rejected by Apple if you store too much data.
For more information please read "iOS Data Storage Guidelines" at:
https://developer.apple.com/icloud/documentation/data-storage/
To disable web storage backup to iCloud, set the BackupWebStorage preference to "local" in the Cordova config.xml file

2015-05-02 03:28:56.731 EmpowerLabsIntra[21428:842138] Resetting plugins due to page load.
2015-05-02 03:28:57.167 EmpowerLabsIntra[21428:842138] Finished load of: file:///Users/alexrojas/Library/Developer/CoreSimulator/Devices/800DD683-83D7-435E-8600-8022C79E62AD/data/Containers/Bundle/Application/2440CBB1-25D2-4C95-92BD-BD370E25778F/EmpowerLabsIntra.app/www/index.html
2015-05-02 03:31:02.665 EmpowerLabsIntra[21578:843373] DiskCookieStorage changing policy from 2 to 0, cookie file: file:///Users/alexrojas/Library/Developer/CoreSimulator/Devices/800DD683-83D7-435E-8600-8022C79E62AD/data/Containers/Data/Application/4C5FAB8B-C1A5-4FFD-9EB7-BD64364726C5/Library/Cookies/Cookies.binarycookies
2015-05-02 03:31:02.953 EmpowerLabsIntra[21578:843373] Apache Cordova native platform version 3.8.0 is starting.
2015-05-02 03:31:02.953 EmpowerLabsIntra[21578:843373] Multi-tasking -> Device: YES, App: YES
2015-05-02 03:31:02.968 EmpowerLabsIntra[21578:843373] Unlimited access to network resources
2015-05-02 03:31:02.988 EmpowerLabsIntra[21578:843373] 

Started backup to iCloud! Please be careful.
Your application might be rejected by Apple if you store too much data.
For more information please read "iOS Data Storage Guidelines" at:
https://developer.apple.com/icloud/documentation/data-storage/
To disable web storage backup to iCloud, set the BackupWebStorage preference to "local" in the Cordova config.xml file

2015-05-02 03:31:03.725 EmpowerLabsIntra[21578:843373] Resetting plugins due to page load.
2015-05-02 03:31:04.381 EmpowerLabsIntra[21578:843373] Finished load of: file:///Users/alexrojas/Library/Developer/CoreSimulator/Devices/800DD683-83D7-435E-8600-8022C79E62AD/data/Containers/Bundle/Application/30EE1960-DD86-4C59-A74D-636F272AC21C/EmpowerLabsIntra.app/www/index.html
2015-05-02 03:33:05.126 EmpowerLabsIntra[21718:844369] DiskCookieStorage changing policy from 2 to 0, cookie file: file:///Users/alexrojas/Library/Developer/CoreSimulator/Devices/800DD683-83D7-435E-8600-8022C79E62AD/data/Containers/Data/Application/022D8223-695E-4E13-B324-8CA3C3240479/Library/Cookies/Cookies.binarycookies
2015-05-02 03:33:05.365 EmpowerLabsIntra[21718:844369] Apache Cordova native platform version 3.8.0 is starting.
2015-05-02 03:33:05.366 EmpowerLabsIntra[21718:844369] Multi-tasking -> Device: YES, App: YES
2015-05-02 03:33:05.381 EmpowerLabsIntra[21718:844369] Unlimited access to network resources
2015-05-02 03:33:05.403 EmpowerLabsIntra[21718:844369] 

Started backup to iCloud! Please be careful.
Your application might be rejected by Apple if you store too much data.
For more information please read "iOS Data Storage Guidelines" at:
https://developer.apple.com/icloud/documentation/data-storage/
To disable web storage backup to iCloud, set the BackupWebStorage preference to "local" in the Cordova config.xml file

2015-05-02 03:33:06.070 EmpowerLabsIntra[21718:844369] Resetting plugins due to page load.
2015-05-02 03:33:06.738 EmpowerLabsIntra[21718:844369] Finished load of: file:///Users/alexrojas/Library/Developer/CoreSimulator/Devices/800DD683-83D7-435E-8600-8022C79E62AD/data/Containers/Bundle/Application/44826383-20FD-47D3-8BEE-95839C96FB29/EmpowerLabsIntra.app/www/index.html
2015-05-02 03:34:44.539 EmpowerLabsIntra[21857:845240] DiskCookieStorage changing policy from 2 to 0, cookie file: file:///Users/alexrojas/Library/Developer/CoreSimulator/Devices/800DD683-83D7-435E-8600-8022C79E62AD/data/Containers/Data/Application/9BD18BEE-B631-42D8-9036-DB81C7DA6211/Library/Cookies/Cookies.binarycookies
2015-05-02 03:34:44.826 EmpowerLabsIntra[21857:845240] Apache Cordova native platform version 3.8.0 is starting.
2015-05-02 03:34:44.827 EmpowerLabsIntra[21857:845240] Multi-tasking -> Device: YES, App: YES
2015-05-02 03:34:44.847 EmpowerLabsIntra[21857:845240] Unlimited access to network resources
2015-05-02 03:34:44.862 EmpowerLabsIntra[21857:845240] 

Started backup to iCloud! Please be careful.
Your application might be rejected by Apple if you store too much data.
For more information please read "iOS Data Storage Guidelines" at:
https://developer.apple.com/icloud/documentation/data-storage/
To disable web storage backup to iCloud, set the BackupWebStorage preference to "local" in the Cordova config.xml file

2015-05-02 03:34:45.499 EmpowerLabsIntra[21857:845240] Resetting plugins due to page load.
2015-05-02 03:34:46.108 EmpowerLabsIntra[21857:845240] Finished load of: file:///Users/alexrojas/Library/Developer/CoreSimulator/Devices/800DD683-83D7-435E-8600-8022C79E62AD/data/Containers/Bundle/Application/D71FC3F9-5DE0-4A9A-9AD6-C8A4B12BF3A4/EmpowerLabsIntra.app/www/index.html
2015-05-05 14:52:17.128 EmpowerLabsIntra[24216:1134382] DiskCookieStorage changing policy from 2 to 0, cookie file: file:///Users/alexrojas/Library/Developer/CoreSimulator/Devices/800DD683-83D7-435E-8600-8022C79E62AD/data/Containers/Data/Application/602C03C2-83BD-4EF0-8274-469D55A07D2A/Library/Cookies/Cookies.binarycookies
2015-05-05 14:52:18.451 EmpowerLabsIntra[24216:1134382] Apache Cordova native platform version 3.8.0 is starting.
2015-05-05 14:52:18.452 EmpowerLabsIntra[24216:1134382] Multi-tasking -> Device: YES, App: YES
2015-05-05 14:52:18.495 EmpowerLabsIntra[24216:1134382] Unlimited access to network resources
2015-05-05 14:52:18.517 EmpowerLabsIntra[24216:1134382] 

Started backup to iCloud! Please be careful.
Your application might be rejected by Apple if you store too much data.
For more information please read "iOS Data Storage Guidelines" at:
https://developer.apple.com/icloud/documentation/data-storage/
To disable web storage backup to iCloud, set the BackupWebStorage preference to "local" in the Cordova config.xml file

2015-05-05 14:52:20.901 EmpowerLabsIntra[24216:1134382] Resetting plugins due to page load.
2015-05-05 14:52:22.557 EmpowerLabsIntra[24216:1134382] Finished load of: file:///Users/alexrojas/Library/Developer/CoreSimulator/Devices/800DD683-83D7-435E-8600-8022C79E62AD/data/Containers/Bundle/Application/810A38B2-7358-4019-B6EB-B413BFFF7BF2/EmpowerLabsIntra.app/www/index.html
